[0122/192655:ERROR:file_io_win.cc(163)] CreateFile C:\Program Files (x86)\settings.dat: Access is denied. (0x5)
[0122/192655:ERROR:registration_protocol_win.cc(82)] TransactNamedPipe: The pipe has been ended. (0x6D)
[0122/192655:ERROR:file_io_win.cc(163)] CreateFile C:\Program Files (x86)\settings.dat: Access is denied. (0x5)
[0122/193020:ERROR:file_io_win.cc(163)] CreateFile C:\Program Files (x86)\settings.dat: Access is denied. (0x5)
[0122/193020:ERROR:registration_protocol_win.cc(82)] TransactNamedPipe: The pipe has been ended. (0x6D)
[0122/193020:ERROR:file_io_win.cc(163)] CreateFile C:\Program Files (x86)\settings.dat: Access is denied. (0x5)
[0122/193201:ERROR:file_io_win.cc(163)] CreateFile C:\Program Files (x86)\settings.dat: Access is denied. (0x5)
[0122/193201:ERROR:registration_protocol_win.cc(82)] TransactNamedPipe: The pipe has been ended. (0x6D)
[0122/193201:ERROR:file_io_win.cc(163)] CreateFile C:\Program Files (x86)\settings.dat: Access is denied. (0x5)
[0122/194711:ERROR:file_io_win.cc(163)] CreateFile C:\Program Files (x86)\settings.dat: Access is denied. (0x5)
[0122/194711:ERROR:registration_protocol_win.cc(82)] TransactNamedPipe: The pipe has been ended. (0x6D)
[0122/194711:ERROR:file_io_win.cc(163)] CreateFile C:\Program Files (x86)\settings.dat: Access is denied. (0x5)
[0122/194844:ERROR:file_io_win.cc(163)] CreateFile C:\Program Files (x86)\settings.dat: Access is denied. (0x5)
[0122/194844:ERROR:registration_protocol_win.cc(82)] TransactNamedPipe: The pipe has been ended. (0x6D)
[0122/194844:ERROR:file_io_win.cc(163)] CreateFile C:\Program Files (x86)\settings.dat: Access is denied. (0x5)
[0122/201315:ERROR:file_io_win.cc(163)] CreateFile C:\Program Files (x86)\settings.dat: Access is denied. (0x5)
[0122/201315:ERROR:registration_protocol_win.cc(82)] TransactNamedPipe: The pipe has been ended. (0x6D)
[0122/201315:ERROR:file_io_win.cc(163)] CreateFile C:\Program Files (x86)\settings.dat: Access is denied. (0x5)
[0122/201634:ERROR:file_io_win.cc(163)] CreateFile C:\Program Files (x86)\settings.dat: Access is denied. (0x5)
[0122/201634:ERROR:registration_protocol_win.cc(82)] TransactNamedPipe: The pipe has been ended. (0x6D)
[0122/201634:ERROR:file_io_win.cc(163)] CreateFile C:\Program Files (x86)\settings.dat: Access is denied. (0x5)
[0122/201726:ERROR:file_io_win.cc(163)] CreateFile C:\Program Files (x86)\settings.dat: Access is denied. (0x5)
[0122/201726:ERROR:registration_protocol_win.cc(82)] TransactNamedPipe: The pipe has been ended. (0x6D)
[0122/201726:ERROR:file_io_win.cc(163)] CreateFile C:\Program Files (x86)\settings.dat: Access is denied. (0x5)
[0122/212521:ERROR:file_io_win.cc(163)] CreateFile C:\Program Files (x86)\settings.dat: Access is denied. (0x5)
[0122/212521:ERROR:registration_protocol_win.cc(82)] TransactNamedPipe: The pipe has been ended. (0x6D)
[0122/212521:ERROR:file_io_win.cc(163)] CreateFile C:\Program Files (x86)\settings.dat: Access is denied. (0x5)
[0122/214459:ERROR:file_io_win.cc(163)] CreateFile C:\Program Files (x86)\settings.dat: Access is denied. (0x5)
[0122/214459:ERROR:registration_protocol_win.cc(82)] TransactNamedPipe: The pipe has been ended. (0x6D)
[0122/214459:ERROR:file_io_win.cc(163)] CreateFile C:\Program Files (x86)\settings.dat: Access is denied. (0x5)
[0122/223847:ERROR:file_io_win.cc(163)] CreateFile C:\Program Files (x86)\settings.dat: Access is denied. (0x5)
[0122/223847:ERROR:registration_protocol_win.cc(82)] TransactNamedPipe: The pipe has been ended. (0x6D)
[0122/223847:ERROR:file_io_win.cc(163)] CreateFile C:\Program Files (x86)\settings.dat: Access is denied. (0x5)
[0122/223929:ERROR:file_io_win.cc(163)] CreateFile C:\Program Files (x86)\settings.dat: Access is denied. (0x5)
[0122/223929:ERROR:registration_protocol_win.cc(82)] TransactNamedPipe: The pipe has been ended. (0x6D)
[0122/223929:ERROR:file_io_win.cc(163)] CreateFile C:\Program Files (x86)\settings.dat: Access is denied. (0x5)
[0122/223930:ERROR:file_io_win.cc(163)] CreateFile C:\Program Files (x86)\settings.dat: Access is denied. (0x5)
[0122/223930:ERROR:registration_protocol_win.cc(82)] TransactNamedPipe: The pipe has been ended. (0x6D)
[0122/223930:ERROR:file_io_win.cc(163)] CreateFile C:\Program Files (x86)\settings.dat: Access is denied. (0x5)
[0122/230040:ERROR:file_io_win.cc(163)] CreateFile C:\Program Files (x86)\settings.dat: Access is denied. (0x5)
[0122/230040:ERROR:registration_protocol_win.cc(82)] TransactNamedPipe: The pipe has been ended. (0x6D)
[0122/230040:ERROR:file_io_win.cc(163)] CreateFile C:\Program Files (x86)\settings.dat: Access is denied. (0x5)
[0122/232706:ERROR:file_io_win.cc(163)] CreateFile C:\Program Files (x86)\settings.dat: Access is denied. (0x5)
[0122/232706:ERROR:registration_protocol_win.cc(82)] TransactNamedPipe: The pipe has been ended. (0x6D)
[0122/232706:ERROR:file_io_win.cc(163)] CreateFile C:\Program Files (x86)\settings.dat: Access is denied. (0x5)
[0122/232850:ERROR:file_io_win.cc(163)] CreateFile C:\Program Files (x86)\settings.dat: Access is denied. (0x5)
[0122/232850:ERROR:registration_protocol_win.cc(82)] TransactNamedPipe: The pipe has been ended. (0x6D)
[0122/232850:ERROR:file_io_win.cc(163)] CreateFile C:\Program Files (x86)\settings.dat: Access is denied. (0x5)
[0123/002849:ERROR:file_io_win.cc(163)] CreateFile C:\Program Files (x86)\settings.dat: Access is denied. (0x5)
[0123/002849:ERROR:registration_protocol_win.cc(82)] TransactNamedPipe: The pipe has been ended. (0x6D)
[0123/002849:ERROR:file_io_win.cc(163)] CreateFile C:\Program Files (x86)\settings.dat: Access is denied. (0x5)
[0123/004915:ERROR:file_io_win.cc(163)] CreateFile C:\Program Files (x86)\settings.dat: Access is denied. (0x5)
[0123/004915:ERROR:registration_protocol_win.cc(82)] TransactNamedPipe: The pipe has been ended. (0x6D)
[0123/004915:ERROR:file_io_win.cc(163)] CreateFile C:\Program Files (x86)\settings.dat: Access is denied. (0x5)
[0123/005143:ERROR:file_io_win.cc(163)] CreateFile C:\Program Files (x86)\settings.dat: Access is denied. (0x5)
[0123/005143:ERROR:registration_protocol_win.cc(82)] TransactNamedPipe: The pipe has been ended. (0x6D)
[0123/005143:ERROR:file_io_win.cc(163)] CreateFile C:\Program Files (x86)\settings.dat: Access is denied. (0x5)
[0123/005252:ERROR:file_io_win.cc(163)] CreateFile C:\Program Files (x86)\settings.dat: Access is denied. (0x5)
[0123/005252:ERROR:registration_protocol_win.cc(82)] TransactNamedPipe: The pipe has been ended. (0x6D)
[0123/005252:ERROR:file_io_win.cc(163)] CreateFile C:\Program Files (x86)\settings.dat: Access is denied. (0x5)
[0123/023323:ERROR:file_io_win.cc(163)] CreateFile C:\Program Files (x86)\settings.dat: Access is denied. (0x5)
[0123/023323:ERROR:registration_protocol_win.cc(82)] TransactNamedPipe: The pipe has been ended. (0x6D)
[0123/023323:ERROR:file_io_win.cc(163)] CreateFile C:\Program Files (x86)\settings.dat: Access is denied. (0x5)
[0123/025948:ERROR:file_io_win.cc(163)] CreateFile C:\Program Files (x86)\settings.dat: Access is denied. (0x5)
[0123/025948:ERROR:registration_protocol_win.cc(82)] TransactNamedPipe: The pipe has been ended. (0x6D)
[0123/025948:ERROR:file_io_win.cc(163)] CreateFile C:\Program Files (x86)\settings.dat: Access is denied. (0x5)
[0124/002102:ERROR:file_io_win.cc(163)] CreateFile C:\Program Files (x86)\settings.dat: Access is denied. (0x5)
[0124/002102:ERROR:registration_protocol_win.cc(82)] TransactNamedPipe: The pipe has been ended. (0x6D)
[0124/002102:ERROR:file_io_win.cc(163)] CreateFile C:\Program Files (x86)\settings.dat: Access is denied. (0x5)
[0124/002817:ERROR:file_io_win.cc(163)] CreateFile C:\Program Files (x86)\settings.dat: Access is denied. (0x5)
[0124/002817:ERROR:registration_protocol_win.cc(82)] TransactNamedPipe: The pipe has been ended. (0x6D)
[0124/002817:ERROR:file_io_win.cc(163)] CreateFile C:\Program Files (x86)\settings.dat: Access is denied. (0x5)
[0124/003732:ERROR:file_io_win.cc(163)] CreateFile C:\Program Files (x86)\settings.dat: Access is denied. (0x5)
[0124/003732:ERROR:registration_protocol_win.cc(82)] TransactNamedPipe: The pipe has been ended. (0x6D)
[0124/003732:ERROR:file_io_win.cc(163)] CreateFile C:\Program Files (x86)\settings.dat: Access is denied. (0x5)
[0124/004607:ERROR:file_io_win.cc(163)] CreateFile C:\Program Files (x86)\settings.dat: Access is denied. (0x5)
[0124/004607:ERROR:registration_protocol_win.cc(82)] TransactNamedPipe: The pipe has been ended. (0x6D)
[0124/004607:ERROR:file_io_win.cc(163)] CreateFile C:\Program Files (x86)\settings.dat: Access is denied. (0x5)
[0124/004825:ERROR:file_io_win.cc(163)] CreateFile C:\Program Files (x86)\settings.dat: Access is denied. (0x5)
[0124/004825:ERROR:registration_protocol_win.cc(82)] TransactNamedPipe: The pipe has been ended. (0x6D)
[0124/004825:ERROR:file_io_win.cc(163)] CreateFile C:\Program Files (x86)\settings.dat: Access is denied. (0x5)
[0124/011903:ERROR:file_io_win.cc(163)] CreateFile C:\Program Files (x86)\settings.dat: Access is denied. (0x5)
[0124/011903:ERROR:registration_protocol_win.cc(82)] TransactNamedPipe: The pipe has been ended. (0x6D)
[0124/011903:ERROR:file_io_win.cc(163)] CreateFile C:\Program Files (x86)\settings.dat: Access is denied. (0x5)
[0124/011935:ERROR:file_io_win.cc(163)] CreateFile C:\Program Files (x86)\settings.dat: Access is denied. (0x5)
[0124/011935:ERROR:registration_protocol_win.cc(82)] TransactNamedPipe: The pipe has been ended. (0x6D)
[0124/011935:ERROR:file_io_win.cc(163)] CreateFile C:\Program Files (x86)\settings.dat: Access is denied. (0x5)
[0124/012754:ERROR:file_io_win.cc(163)] CreateFile C:\Program Files (x86)\settings.dat: Access is denied. (0x5)
[0124/012754:ERROR:registration_protocol_win.cc(82)] TransactNamedPipe: The pipe has been ended. (0x6D)
[0124/012754:ERROR:file_io_win.cc(163)] CreateFile C:\Program Files (x86)\settings.dat: Access is denied. (0x5)
[0124/013933:ERROR:file_io_win.cc(163)] CreateFile C:\Program Files (x86)\settings.dat: Access is denied. (0x5)
[0124/013933:ERROR:registration_protocol_win.cc(82)] TransactNamedPipe: The pipe has been ended. (0x6D)
[0124/013933:ERROR:file_io_win.cc(163)] CreateFile C:\Program Files (x86)\settings.dat: Access is denied. (0x5)
[0124/015623:ERROR:file_io_win.cc(163)] CreateFile C:\Program Files (x86)\settings.dat: Access is denied. (0x5)
[0124/015623:ERROR:registration_protocol_win.cc(82)] TransactNamedPipe: The pipe has been ended. (0x6D)
[0124/015623:ERROR:file_io_win.cc(163)] CreateFile C:\Program Files (x86)\settings.dat: Access is denied. (0x5)
[0124/020115:ERROR:file_io_win.cc(163)] CreateFile C:\Program Files (x86)\settings.dat: Access is denied. (0x5)
[0124/020115:ERROR:registration_protocol_win.cc(82)] TransactNamedPipe: The pipe has been ended. (0x6D)
[0124/020115:ERROR:file_io_win.cc(163)] CreateFile C:\Program Files (x86)\settings.dat: Access is denied. (0x5)
[0126/151826:ERROR:file_io_win.cc(163)] CreateFile C:\Program Files (x86)\settings.dat: Access is denied. (0x5)
[0126/151826:ERROR:registration_protocol_win.cc(82)] TransactNamedPipe: The pipe has been ended. (0x6D)
[0126/151826:ERROR:file_io_win.cc(163)] CreateFile C:\Program Files (x86)\settings.dat: Access is denied. (0x5)
[0126/162021:ERROR:file_io_win.cc(163)] CreateFile C:\Program Files (x86)\settings.dat: Access is denied. (0x5)
[0126/162021:ERROR:registration_protocol_win.cc(82)] TransactNamedPipe: The pipe has been ended. (0x6D)
[0126/162021:ERROR:file_io_win.cc(163)] CreateFile C:\Program Files (x86)\settings.dat: Access is denied. (0x5)
[0126/162403:ERROR:file_io_win.cc(163)] CreateFile C:\Program Files (x86)\settings.dat: Access is denied. (0x5)
[0126/162403:ERROR:registration_protocol_win.cc(82)] TransactNamedPipe: The pipe has been ended. (0x6D)
[0126/162403:ERROR:file_io_win.cc(163)] CreateFile C:\Program Files (x86)\settings.dat: Access is denied. (0x5)
[0126/162615:ERROR:file_io_win.cc(163)] CreateFile C:\Program Files (x86)\settings.dat: Access is denied. (0x5)
[0126/162615:ERROR:registration_protocol_win.cc(82)] TransactNamedPipe: The pipe has been ended. (0x6D)
[0126/162615:ERROR:file_io_win.cc(163)] CreateFile C:\Program Files (x86)\settings.dat: Access is denied. (0x5)
[0126/162904:ERROR:file_io_win.cc(163)] CreateFile C:\Program Files (x86)\settings.dat: Access is denied. (0x5)
[0126/162904:ERROR:registration_protocol_win.cc(82)] TransactNamedPipe: The pipe has been ended. (0x6D)
[0126/162904:ERROR:file_io_win.cc(163)] CreateFile C:\Program Files (x86)\settings.dat: Access is denied. (0x5)
[0126/163042:ERROR:file_io_win.cc(163)] CreateFile C:\Program Files (x86)\settings.dat: Access is denied. (0x5)
[0126/163042:ERROR:registration_protocol_win.cc(82)] TransactNamedPipe: The pipe has been ended. (0x6D)
[0126/163042:ERROR:file_io_win.cc(163)] CreateFile C:\Program Files (x86)\settings.dat: Access is denied. (0x5)
[0126/164941:ERROR:file_io_win.cc(163)] CreateFile C:\Program Files (x86)\settings.dat: Access is denied. (0x5)
[0126/164941:ERROR:registration_protocol_win.cc(82)] TransactNamedPipe: The pipe has been ended. (0x6D)
[0126/164941:ERROR:file_io_win.cc(163)] CreateFile C:\Program Files (x86)\settings.dat: Access is denied. (0x5)
[0126/165333:ERROR:file_io_win.cc(163)] CreateFile C:\Program Files (x86)\settings.dat: Access is denied. (0x5)
[0126/165333:ERROR:registration_protocol_win.cc(82)] TransactNamedPipe: The pipe has been ended. (0x6D)
[0126/165333:ERROR:file_io_win.cc(163)] CreateFile C:\Program Files (x86)\settings.dat: Access is denied. (0x5)
[0126/165528:ERROR:file_io_win.cc(163)] CreateFile C:\Program Files (x86)\settings.dat: Access is denied. (0x5)
[0126/165528:ERROR:registration_protocol_win.cc(82)] TransactNamedPipe: The pipe has been ended. (0x6D)
[0126/165528:ERROR:file_io_win.cc(163)] CreateFile C:\Program Files (x86)\settings.dat: Access is denied. (0x5)
[0126/165647:ERROR:file_io_win.cc(163)] CreateFile C:\Program Files (x86)\settings.dat: Access is denied. (0x5)
[0126/165647:ERROR:registration_protocol_win.cc(82)] TransactNamedPipe: The pipe has been ended. (0x6D)
[0126/165648:ERROR:file_io_win.cc(163)] CreateFile C:\Program Files (x86)\settings.dat: Access is denied. (0x5)
[0126/165948:ERROR:file_io_win.cc(163)] CreateFile C:\Program Files (x86)\settings.dat: Access is denied. (0x5)
[0126/165948:ERROR:registration_protocol_win.cc(82)] TransactNamedPipe: The pipe has been ended. (0x6D)
[0126/165948:ERROR:file_io_win.cc(163)] CreateFile C:\Program Files (x86)\settings.dat: Access is denied. (0x5)
[0126/171804:ERROR:file_io_win.cc(163)] CreateFile C:\Program Files (x86)\settings.dat: Access is denied. (0x5)
[0126/171804:ERROR:registration_protocol_win.cc(82)] TransactNamedPipe: The pipe has been ended. (0x6D)
[0126/171804:ERROR:file_io_win.cc(163)] CreateFile C:\Program Files (x86)\settings.dat: Access is denied. (0x5)
[0126/171917:ERROR:file_io_win.cc(163)] CreateFile C:\Program Files (x86)\settings.dat: Access is denied. (0x5)
[0126/171917:ERROR:registration_protocol_win.cc(82)] TransactNamedPipe: The pipe has been ended. (0x6D)
[0126/171917:ERROR:file_io_win.cc(163)] CreateFile C:\Program Files (x86)\settings.dat: Access is denied. (0x5)
[0126/174220:ERROR:file_io_win.cc(163)] CreateFile C:\Program Files (x86)\settings.dat: Access is denied. (0x5)
[0126/174220:ERROR:registration_protocol_win.cc(82)] TransactNamedPipe: The pipe has been ended. (0x6D)
[0126/174220:ERROR:file_io_win.cc(163)] CreateFile C:\Program Files (x86)\settings.dat: Access is denied. (0x5)
[0126/174537:ERROR:file_io_win.cc(163)] CreateFile C:\Program Files (x86)\settings.dat: Access is denied. (0x5)
[0126/174537:ERROR:registration_protocol_win.cc(82)] TransactNamedPipe: The pipe has been ended. (0x6D)
[0126/174537:ERROR:file_io_win.cc(163)] CreateFile C:\Program Files (x86)\settings.dat: Access is denied. (0x5)
[0126/174559:ERROR:file_io_win.cc(163)] CreateFile C:\Program Files (x86)\settings.dat: Access is denied. (0x5)
[0126/174559:ERROR:registration_protocol_win.cc(82)] TransactNamedPipe: The pipe has been ended. (0x6D)
[0126/174559:ERROR:file_io_win.cc(163)] CreateFile C:\Program Files (x86)\settings.dat: Access is denied. (0x5)
[0126/174944:ERROR:file_io_win.cc(163)] CreateFile C:\Program Files (x86)\settings.dat: Access is denied. (0x5)
[0126/174944:ERROR:registration_protocol_win.cc(82)] TransactNamedPipe: The pipe has been ended. (0x6D)
[0126/174944:ERROR:file_io_win.cc(163)] CreateFile C:\Program Files (x86)\settings.dat: Access is denied. (0x5)
[0126/175638:ERROR:file_io_win.cc(163)] CreateFile C:\Program Files (x86)\settings.dat: Access is denied. (0x5)
[0126/175638:ERROR:registration_protocol_win.cc(82)] TransactNamedPipe: The pipe has been ended. (0x6D)
[0126/175638:ERROR:file_io_win.cc(163)] CreateFile C:\Program Files (x86)\settings.dat: Access is denied. (0x5)
[0126/175820:ERROR:file_io_win.cc(163)] CreateFile C:\Program Files (x86)\settings.dat: Access is denied. (0x5)
[0126/175820:ERROR:registration_protocol_win.cc(82)] TransactNamedPipe: The pipe has been ended. (0x6D)
[0126/175820:ERROR:file_io_win.cc(163)] CreateFile C:\Program Files (x86)\settings.dat: Access is denied. (0x5)
[0126/180225:ERROR:file_io_win.cc(163)] CreateFile C:\Program Files (x86)\settings.dat: Access is denied. (0x5)
[0126/180225:ERROR:registration_protocol_win.cc(82)] TransactNamedPipe: The pipe has been ended. (0x6D)
[0126/180225:ERROR:file_io_win.cc(163)] CreateFile C:\Program Files (x86)\settings.dat: Access is denied. (0x5)
[0126/181540:ERROR:file_io_win.cc(163)] CreateFile C:\Program Files (x86)\settings.dat: Access is denied. (0x5)
[0126/181540:ERROR:registration_protocol_win.cc(82)] TransactNamedPipe: The pipe has been ended. (0x6D)
[0126/181540:ERROR:file_io_win.cc(163)] CreateFile C:\Program Files (x86)\settings.dat: Access is denied. (0x5)
[0126/181655:ERROR:file_io_win.cc(163)] CreateFile C:\Program Files (x86)\settings.dat: Access is denied. (0x5)
[0126/181655:ERROR:registration_protocol_win.cc(82)] TransactNamedPipe: The pipe has been ended. (0x6D)
[0126/181655:ERROR:file_io_win.cc(163)] CreateFile C:\Program Files (x86)\settings.dat: Access is denied. (0x5)
[0126/181841:ERROR:file_io_win.cc(163)] CreateFile C:\Program Files (x86)\settings.dat: Access is denied. (0x5)
[0126/181841:ERROR:registration_protocol_win.cc(82)] TransactNamedPipe: The pipe has been ended. (0x6D)
[0126/181841:ERROR:file_io_win.cc(163)] CreateFile C:\Program Files (x86)\settings.dat: Access is denied. (0x5)
[0126/194700:ERROR:file_io_win.cc(163)] CreateFile C:\Program Files (x86)\settings.dat: Access is denied. (0x5)
[0126/194700:ERROR:registration_protocol_win.cc(82)] TransactNamedPipe: The pipe has been ended. (0x6D)
[0126/194700:ERROR:file_io_win.cc(163)] CreateFile C:\Program Files (x86)\settings.dat: Access is denied. (0x5)
[0126/195017:ERROR:file_io_win.cc(163)] CreateFile C:\Program Files (x86)\settings.dat: Access is denied. (0x5)
[0126/195017:ERROR:registration_protocol_win.cc(82)] TransactNamedPipe: The pipe has been ended. (0x6D)
[0126/195017:ERROR:file_io_win.cc(163)] CreateFile C:\Program Files (x86)\settings.dat: Access is denied. (0x5)
[0126/202637:ERROR:file_io_win.cc(163)] CreateFile C:\Program Files (x86)\settings.dat: Access is denied. (0x5)
[0126/202637:ERROR:registration_protocol_win.cc(82)] TransactNamedPipe: The pipe has been ended. (0x6D)
[0126/202637:ERROR:file_io_win.cc(163)] CreateFile C:\Program Files (x86)\settings.dat: Access is denied. (0x5)
[0126/202832:ERROR:file_io_win.cc(163)] CreateFile C:\Program Files (x86)\settings.dat: Access is denied. (0x5)
[0126/202832:ERROR:registration_protocol_win.cc(82)] TransactNamedPipe: The pipe has been ended. (0x6D)
[0126/202832:ERROR:file_io_win.cc(163)] CreateFile C:\Program Files (x86)\settings.dat: Access is denied. (0x5)
[0126/203115:ERROR:file_io_win.cc(163)] CreateFile C:\Program Files (x86)\settings.dat: Access is denied. (0x5)
[0126/203115:ERROR:registration_protocol_win.cc(82)] TransactNamedPipe: The pipe has been ended. (0x6D)
[0126/203115:ERROR:file_io_win.cc(163)] CreateFile C:\Program Files (x86)\settings.dat: Access is denied. (0x5)
[0126/214057:ERROR:file_io_win.cc(163)] CreateFile C:\Program Files (x86)\settings.dat: Access is denied. (0x5)
[0126/214057:ERROR:registration_protocol_win.cc(82)] TransactNamedPipe: The pipe has been ended. (0x6D)
[0126/214057:ERROR:file_io_win.cc(163)] CreateFile C:\Program Files (x86)\settings.dat: Access is denied. (0x5)
[0126/215234:ERROR:file_io_win.cc(163)] CreateFile C:\Program Files (x86)\settings.dat: Access is denied. (0x5)
[0126/215234:ERROR:registration_protocol_win.cc(82)] TransactNamedPipe: The pipe has been ended. (0x6D)
[0126/215234:ERROR:file_io_win.cc(163)] CreateFile C:\Program Files (x86)\settings.dat: Access is denied. (0x5)
[0126/223344:ERROR:file_io_win.cc(163)] CreateFile C:\Program Files (x86)\settings.dat: Access is denied. (0x5)
[0126/223344:ERROR:registration_protocol_win.cc(82)] TransactNamedPipe: The pipe has been ended. (0x6D)
[0126/223344:ERROR:file_io_win.cc(163)] CreateFile C:\Program Files (x86)\settings.dat: Access is denied. (0x5)
[0126/224112:ERROR:file_io_win.cc(163)] CreateFile C:\Program Files (x86)\settings.dat: Access is denied. (0x5)
[0126/224112:ERROR:registration_protocol_win.cc(82)] TransactNamedPipe: The pipe has been ended. (0x6D)
[0126/224112:ERROR:file_io_win.cc(163)] CreateFile C:\Program Files (x86)\settings.dat: Access is denied. (0x5)
[0126/224723:ERROR:file_io_win.cc(163)] CreateFile C:\Program Files (x86)\settings.dat: Access is denied. (0x5)
[0126/224723:ERROR:registration_protocol_win.cc(82)] TransactNamedPipe: The pipe has been ended. (0x6D)
[0126/224723:ERROR:file_io_win.cc(163)] CreateFile C:\Program Files (x86)\settings.dat: Access is denied. (0x5)
[0126/224749:ERROR:file_io_win.cc(163)] CreateFile C:\Program Files (x86)\settings.dat: Access is denied. (0x5)
[0126/224749:ERROR:registration_protocol_win.cc(82)] TransactNamedPipe: The pipe has been ended. (0x6D)
[0126/224750:ERROR:file_io_win.cc(163)] CreateFile C:\Program Files (x86)\settings.dat: Access is denied. (0x5)
[0126/224851:ERROR:file_io_win.cc(163)] CreateFile C:\Program Files (x86)\settings.dat: Access is denied. (0x5)
[0126/224851:ERROR:registration_protocol_win.cc(82)] TransactNamedPipe: The pipe has been ended. (0x6D)
[0126/224851:ERROR:file_io_win.cc(163)] CreateFile C:\Program Files (x86)\settings.dat: Access is denied. (0x5)
[0126/225013:ERROR:file_io_win.cc(163)] CreateFile C:\Program Files (x86)\settings.dat: Access is denied. (0x5)
[0126/225013:ERROR:registration_protocol_win.cc(82)] TransactNamedPipe: The pipe has been ended. (0x6D)
[0126/225013:ERROR:file_io_win.cc(163)] CreateFile C:\Program Files (x86)\settings.dat: Access is denied. (0x5)
[0126/225311:ERROR:file_io_win.cc(163)] CreateFile C:\Program Files (x86)\settings.dat: Access is denied. (0x5)
[0126/225311:ERROR:registration_protocol_win.cc(82)] TransactNamedPipe: The pipe has been ended. (0x6D)
[0126/225311:ERROR:file_io_win.cc(163)] CreateFile C:\Program Files (x86)\settings.dat: Access is denied. (0x5)
[0126/230104:ERROR:file_io_win.cc(163)] CreateFile C:\Program Files (x86)\settings.dat: Access is denied. (0x5)
[0126/230104:ERROR:registration_protocol_win.cc(82)] TransactNamedPipe: The pipe has been ended. (0x6D)
[0126/230104:ERROR:file_io_win.cc(163)] CreateFile C:\Program Files (x86)\settings.dat: Access is denied. (0x5)
[0126/230433:ERROR:file_io_win.cc(163)] CreateFile C:\Program Files (x86)\settings.dat: Access is denied. (0x5)
[0126/230433:ERROR:registration_protocol_win.cc(82)] TransactNamedPipe: The pipe has been ended. (0x6D)
[0126/230433:ERROR:file_io_win.cc(163)] CreateFile C:\Program Files (x86)\settings.dat: Access is denied. (0x5)
[0126/230942:ERROR:file_io_win.cc(163)] CreateFile C:\Program Files (x86)\settings.dat: Access is denied. (0x5)
[0126/230942:ERROR:registration_protocol_win.cc(82)] TransactNamedPipe: The pipe has been ended. (0x6D)
[0126/230942:ERROR:file_io_win.cc(163)] CreateFile C:\Program Files (x86)\settings.dat: Access is denied. (0x5)
[0126/231102:ERROR:file_io_win.cc(163)] CreateFile C:\Program Files (x86)\settings.dat: Access is denied. (0x5)
[0126/231102:ERROR:registration_protocol_win.cc(82)] TransactNamedPipe: The pipe has been ended. (0x6D)
[0126/231102:ERROR:file_io_win.cc(163)] CreateFile C:\Program Files (x86)\settings.dat: Access is denied. (0x5)
[0126/231322:ERROR:file_io_win.cc(163)] CreateFile C:\Program Files (x86)\settings.dat: Access is denied. (0x5)
[0126/231322:ERROR:registration_protocol_win.cc(82)] TransactNamedPipe: The pipe has been ended. (0x6D)
[0126/231322:ERROR:file_io_win.cc(163)] CreateFile C:\Program Files (x86)\settings.dat: Access is denied. (0x5)
[0126/231543:ERROR:file_io_win.cc(163)] CreateFile C:\Program Files (x86)\settings.dat: Access is denied. (0x5)
[0126/231543:ERROR:registration_protocol_win.cc(82)] TransactNamedPipe: The pipe has been ended. (0x6D)
[0126/231543:ERROR:file_io_win.cc(163)] CreateFile C:\Program Files (x86)\settings.dat: Access is denied. (0x5)
[0126/231725:ERROR:file_io_win.cc(163)] CreateFile C:\Program Files (x86)\settings.dat: Access is denied. (0x5)
[0126/231725:ERROR:registration_protocol_win.cc(82)] TransactNamedPipe: The pipe has been ended. (0x6D)
[0126/231725:ERROR:file_io_win.cc(163)] CreateFile C:\Program Files (x86)\settings.dat: Access is denied. (0x5)
[0126/231915:ERROR:file_io_win.cc(163)] CreateFile C:\Program Files (x86)\settings.dat: Access is denied. (0x5)
[0126/231915:ERROR:registration_protocol_win.cc(82)] TransactNamedPipe: The pipe has been ended. (0x6D)
[0126/231915:ERROR:file_io_win.cc(163)] CreateFile C:\Program Files (x86)\settings.dat: Access is denied. (0x5)
[0126/231950:ERROR:file_io_win.cc(163)] CreateFile C:\Program Files (x86)\settings.dat: Access is denied. (0x5)
[0126/231950:ERROR:registration_protocol_win.cc(82)] TransactNamedPipe: The pipe has been ended. (0x6D)
[0126/231950:ERROR:file_io_win.cc(163)] CreateFile C:\Program Files (x86)\settings.dat: Access is denied. (0x5)
[0126/232146:ERROR:file_io_win.cc(163)] CreateFile C:\Program Files (x86)\settings.dat: Access is denied. (0x5)
[0126/232146:ERROR:registration_protocol_win.cc(82)] TransactNamedPipe: The pipe has been ended. (0x6D)
[0126/232146:ERROR:file_io_win.cc(163)] CreateFile C:\Program Files (x86)\settings.dat: Access is denied. (0x5)
[0126/232555:ERROR:file_io_win.cc(163)] CreateFile C:\Program Files (x86)\settings.dat: Access is denied. (0x5)
[0126/232555:ERROR:registration_protocol_win.cc(82)] TransactNamedPipe: The pipe has been ended. (0x6D)
[0126/232555:ERROR:file_io_win.cc(163)] CreateFile C:\Program Files (x86)\settings.dat: Access is denied. (0x5)
[0304/214548.236:ERROR:file_io_win.cc(179)] CreateFile C:\Program Files (x86)\temp\settings.dat: Access is denied. (0x5)
[0304/214548.275:ERROR:registration_protocol_win.cc(84)] TransactNamedPipe: The pipe has been ended. (0x6D)
[0304/214548.284:ERROR:file_io_win.cc(179)] CreateFile C:\Program Files (x86)\temp\settings.dat: Access is denied. (0x5)
[0304/214712.013:ERROR:file_io_win.cc(179)] CreateFile C:\Program Files (x86)\temp\settings.dat: Access is denied. (0x5)
[0304/214712.022:ERROR:registration_protocol_win.cc(84)] TransactNamedPipe: The pipe has been ended. (0x6D)
[0304/214712.030:ERROR:file_io_win.cc(179)] CreateFile C:\Program Files (x86)\temp\settings.dat: Access is denied. (0x5)
[0304/215122.683:ERROR:file_io_win.cc(179)] CreateFile C:\Program Files (x86)\temp\settings.dat: Access is denied. (0x5)
[0304/215122.694:ERROR:registration_protocol_win.cc(84)] TransactNamedPipe: The pipe has been ended. (0x6D)
[0304/215122.704:ERROR:file_io_win.cc(179)] CreateFile C:\Program Files (x86)\temp\settings.dat: Access is denied. (0x5)
[0304/215448.354:ERROR:file_io_win.cc(179)] CreateFile C:\Program Files (x86)\temp\settings.dat: Access is denied. (0x5)
[0304/215448.363:ERROR:registration_protocol_win.cc(84)] TransactNamedPipe: The pipe has been ended. (0x6D)
[0304/215448.369:ERROR:file_io_win.cc(179)] CreateFile C:\Program Files (x86)\temp\settings.dat: Access is denied. (0x5)
[0304/215634.170:ERROR:file_io_win.cc(179)] CreateFile C:\Program Files (x86)\temp\settings.dat: Access is denied. (0x5)
[0304/215634.181:ERROR:registration_protocol_win.cc(84)] TransactNamedPipe: The pipe has been ended. (0x6D)
[0304/215634.190:ERROR:file_io_win.cc(179)] CreateFile C:\Program Files (x86)\temp\settings.dat: Access is denied. (0x5)
[0304/231534.397:ERROR:file_io_win.cc(179)] CreateFile C:\Program Files (x86)\temp\settings.dat: Access is denied. (0x5)
[0304/231534.406:ERROR:registration_protocol_win.cc(84)] TransactNamedPipe: The pipe has been ended. (0x6D)
[0304/231534.412:ERROR:file_io_win.cc(179)] CreateFile C:\Program Files (x86)\temp\settings.dat: Access is denied. (0x5)
[0304/233032.524:ERROR:file_io_win.cc(179)] CreateFile C:\Program Files (x86)\temp\settings.dat: Access is denied. (0x5)
[0304/233032.538:ERROR:registration_protocol_win.cc(84)] TransactNamedPipe: The pipe has been ended. (0x6D)
[0304/233032.547:ERROR:file_io_win.cc(179)] CreateFile C:\Program Files (x86)\temp\settings.dat: Access is denied. (0x5)
[0304/233407.021:ERROR:file_io_win.cc(179)] CreateFile C:\Program Files (x86)\temp\settings.dat: Access is denied. (0x5)
[0304/233407.032:ERROR:registration_protocol_win.cc(84)] TransactNamedPipe: The pipe has been ended. (0x6D)
[0304/233407.040:ERROR:file_io_win.cc(179)] CreateFile C:\Program Files (x86)\temp\settings.dat: Access is denied. (0x5)
[0304/233527.253:ERROR:file_io_win.cc(179)] CreateFile C:\Program Files (x86)\temp\settings.dat: Access is denied. (0x5)
[0304/233527.267:ERROR:registration_protocol_win.cc(84)] TransactNamedPipe: The pipe has been ended. (0x6D)
[0304/233527.275:ERROR:file_io_win.cc(179)] CreateFile C:\Program Files (x86)\temp\settings.dat: Access is denied. (0x5)
[0304/234050.392:ERROR:file_io_win.cc(179)] CreateFile C:\Program Files (x86)\temp\settings.dat: Access is denied. (0x5)
[0304/234050.409:ERROR:registration_protocol_win.cc(84)] TransactNamedPipe: The pipe has been ended. (0x6D)
[0304/234050.418:ERROR:file_io_win.cc(179)] CreateFile C:\Program Files (x86)\temp\settings.dat: Access is denied. (0x5)
[0304/234202.426:ERROR:file_io_win.cc(179)] CreateFile C:\Program Files (x86)\temp\settings.dat: Access is denied. (0x5)
[0304/234202.440:ERROR:registration_protocol_win.cc(84)] TransactNamedPipe: The pipe has been ended. (0x6D)
[0304/234202.449:ERROR:file_io_win.cc(179)] CreateFile C:\Program Files (x86)\temp\settings.dat: Access is denied. (0x5)
[0304/234637.865:ERROR:file_io_win.cc(179)] CreateFile C:\Program Files (x86)\temp\settings.dat: Access is denied. (0x5)
[0304/234637.877:ERROR:registration_protocol_win.cc(84)] TransactNamedPipe: The pipe has been ended. (0x6D)
[0304/234637.884:ERROR:file_io_win.cc(179)] CreateFile C:\Program Files (x86)\temp\settings.dat: Access is denied. (0x5)
[0304/234936.088:ERROR:file_io_win.cc(179)] CreateFile C:\Program Files (x86)\temp\settings.dat: Access is denied. (0x5)
[0304/234936.099:ERROR:registration_protocol_win.cc(84)] TransactNamedPipe: The pipe has been ended. (0x6D)
[0304/234936.107:ERROR:file_io_win.cc(179)] CreateFile C:\Program Files (x86)\temp\settings.dat: Access is denied. (0x5)
[0304/235041.475:ERROR:file_io_win.cc(179)] CreateFile C:\Program Files (x86)\temp\settings.dat: Access is denied. (0x5)
[0304/235041.485:ERROR:registration_protocol_win.cc(84)] TransactNamedPipe: The pipe has been ended. (0x6D)
[0304/235041.491:ERROR:file_io_win.cc(179)] CreateFile C:\Program Files (x86)\temp\settings.dat: Access is denied. (0x5)
[0304/235541.055:ERROR:file_io_win.cc(179)] CreateFile C:\Program Files (x86)\temp\settings.dat: Access is denied. (0x5)
[0304/235541.067:ERROR:registration_protocol_win.cc(84)] TransactNamedPipe: The pipe has been ended. (0x6D)
[0304/235541.075:ERROR:file_io_win.cc(179)] CreateFile C:\Program Files (x86)\temp\settings.dat: Access is denied. (0x5)
[0304/235635.984:ERROR:file_io_win.cc(179)] CreateFile C:\Program Files (x86)\temp\settings.dat: Access is denied. (0x5)
[0304/235635.998:ERROR:registration_protocol_win.cc(84)] TransactNamedPipe: The pipe has been ended. (0x6D)
[0304/235636.007:ERROR:file_io_win.cc(179)] CreateFile C:\Program Files (x86)\temp\settings.dat: Access is denied. (0x5)
[0304/235829.374:ERROR:file_io_win.cc(179)] CreateFile C:\Program Files (x86)\temp\settings.dat: Access is denied. (0x5)
[0304/235829.383:ERROR:registration_protocol_win.cc(84)] TransactNamedPipe: The pipe has been ended. (0x6D)
[0304/235829.390:ERROR:file_io_win.cc(179)] CreateFile C:\Program Files (x86)\temp\settings.dat: Access is denied. (0x5)
[0304/235944.236:ERROR:file_io_win.cc(179)] CreateFile C:\Program Files (x86)\temp\settings.dat: Access is denied. (0x5)
[0304/235944.246:ERROR:registration_protocol_win.cc(84)] TransactNamedPipe: The pipe has been ended. (0x6D)
[0304/235944.253:ERROR:file_io_win.cc(179)] CreateFile C:\Program Files (x86)\temp\settings.dat: Access is denied. (0x5)
[0305/000139.778:ERROR:file_io_win.cc(179)] CreateFile C:\Program Files (x86)\temp\settings.dat: Access is denied. (0x5)
[0305/000139.789:ERROR:registration_protocol_win.cc(84)] TransactNamedPipe: The pipe has been ended. (0x6D)
[0305/000139.797:ERROR:file_io_win.cc(179)] CreateFile C:\Program Files (x86)\temp\settings.dat: Access is denied. (0x5)
[0305/000325.059:ERROR:file_io_win.cc(179)] CreateFile C:\Program Files (x86)\temp\settings.dat: Access is denied. (0x5)
[0305/000325.072:ERROR:registration_protocol_win.cc(84)] TransactNamedPipe: The pipe has been ended. (0x6D)
[0305/000325.082:ERROR:file_io_win.cc(179)] CreateFile C:\Program Files (x86)\temp\settings.dat: Access is denied. (0x5)
[0305/000650.853:ERROR:file_io_win.cc(179)] CreateFile C:\Program Files (x86)\temp\settings.dat: Access is denied. (0x5)
[0305/000650.864:ERROR:registration_protocol_win.cc(84)] TransactNamedPipe: The pipe has been ended. (0x6D)
[0305/000650.871:ERROR:file_io_win.cc(179)] CreateFile C:\Program Files (x86)\temp\settings.dat: Access is denied. (0x5)
[0305/002950.617:ERROR:file_io_win.cc(179)] CreateFile C:\Program Files (x86)\temp\settings.dat: Access is denied. (0x5)
[0305/002950.627:ERROR:registration_protocol_win.cc(84)] TransactNamedPipe: The pipe has been ended. (0x6D)
[0305/002950.633:ERROR:file_io_win.cc(179)] CreateFile C:\Program Files (x86)\temp\settings.dat: Access is denied. (0x5)
[0305/003944.139:ERROR:file_io_win.cc(179)] CreateFile C:\Program Files (x86)\temp\settings.dat: Access is denied. (0x5)
[0305/003944.149:ERROR:registration_protocol_win.cc(84)] TransactNamedPipe: The pipe has been ended. (0x6D)
[0305/003944.155:ERROR:file_io_win.cc(179)] CreateFile C:\Program Files (x86)\temp\settings.dat: Access is denied. (0x5)
[0305/004500.244:ERROR:file_io_win.cc(179)] CreateFile C:\Program Files (x86)\temp\settings.dat: Access is denied. (0x5)
[0305/004500.256:ERROR:registration_protocol_win.cc(84)] TransactNamedPipe: The pipe has been ended. (0x6D)
[0305/004500.264:ERROR:file_io_win.cc(179)] CreateFile C:\Program Files (x86)\temp\settings.dat: Access is denied. (0x5)
[0305/004630.072:ERROR:file_io_win.cc(179)] CreateFile C:\Program Files (x86)\temp\settings.dat: Access is denied. (0x5)
[0305/004630.092:ERROR:registration_protocol_win.cc(84)] TransactNamedPipe: The pipe has been ended. (0x6D)
[0305/004630.101:ERROR:file_io_win.cc(179)] CreateFile C:\Program Files (x86)\temp\settings.dat: Access is denied. (0x5)
[0305/010313.047:ERROR:file_io_win.cc(179)] CreateFile C:\Program Files (x86)\temp\settings.dat: Access is denied. (0x5)
[0305/010313.058:ERROR:registration_protocol_win.cc(84)] TransactNamedPipe: The pipe has been ended. (0x6D)
[0305/010313.063:ERROR:file_io_win.cc(179)] CreateFile C:\Program Files (x86)\temp\settings.dat: Access is denied. (0x5)
[0305/011559.567:ERROR:file_io_win.cc(179)] CreateFile C:\Program Files (x86)\temp\settings.dat: Access is denied. (0x5)
[0305/011559.580:ERROR:registration_protocol_win.cc(84)] TransactNamedPipe: The pipe has been ended. (0x6D)
[0305/011559.587:ERROR:file_io_win.cc(179)] CreateFile C:\Program Files (x86)\temp\settings.dat: Access is denied. (0x5)
[0305/012707.580:ERROR:file_io_win.cc(179)] CreateFile C:\Program Files (x86)\temp\settings.dat: Access is denied. (0x5)
[0305/012707.592:ERROR:registration_protocol_win.cc(84)] TransactNamedPipe: The pipe has been ended. (0x6D)
[0305/012707.600:ERROR:file_io_win.cc(179)] CreateFile C:\Program Files (x86)\temp\settings.dat: Access is denied. (0x5)
[0305/013949.207:ERROR:file_io_win.cc(179)] CreateFile C:\Program Files (x86)\temp\settings.dat: Access is denied. (0x5)
[0305/013949.218:ERROR:registration_protocol_win.cc(84)] TransactNamedPipe: The pipe has been ended. (0x6D)
[0305/013949.224:ERROR:file_io_win.cc(179)] CreateFile C:\Program Files (x86)\temp\settings.dat: Access is denied. (0x5)
[0305/014406.622:ERROR:file_io_win.cc(179)] CreateFile C:\Program Files (x86)\temp\settings.dat: Access is denied. (0x5)
[0305/014406.634:ERROR:registration_protocol_win.cc(84)] TransactNamedPipe: The pipe has been ended. (0x6D)
[0305/014406.642:ERROR:file_io_win.cc(179)] CreateFile C:\Program Files (x86)\temp\settings.dat: Access is denied. (0x5)
[0305/020953.363:ERROR:file_io_win.cc(179)] CreateFile C:\Program Files (x86)\temp\settings.dat: Access is denied. (0x5)
[0305/020953.373:ERROR:registration_protocol_win.cc(84)] TransactNamedPipe: The pipe has been ended. (0x6D)
[0305/020953.380:ERROR:file_io_win.cc(179)] CreateFile C:\Program Files (x86)\temp\settings.dat: Access is denied. (0x5)
[0305/021415.892:ERROR:file_io_win.cc(179)] CreateFile C:\Program Files (x86)\temp\settings.dat: Access is denied. (0x5)
[0305/021415.903:ERROR:registration_protocol_win.cc(84)] TransactNamedPipe: The pipe has been ended. (0x6D)
[0305/021415.909:ERROR:file_io_win.cc(179)] CreateFile C:\Program Files (x86)\temp\settings.dat: Access is denied. (0x5)
[0305/021722.058:ERROR:file_io_win.cc(179)] CreateFile C:\Program Files (x86)\temp\settings.dat: Access is denied. (0x5)
[0305/021722.069:ERROR:registration_protocol_win.cc(84)] TransactNamedPipe: The pipe has been ended. (0x6D)
[0305/021722.077:ERROR:file_io_win.cc(179)] CreateFile C:\Program Files (x86)\temp\settings.dat: Access is denied. (0x5)
[0305/025213.337:ERROR:file_io_win.cc(179)] CreateFile C:\Program Files (x86)\temp\settings.dat: Access is denied. (0x5)
[0305/025213.347:ERROR:registration_protocol_win.cc(84)] TransactNamedPipe: The pipe has been ended. (0x6D)
[0305/025213.356:ERROR:file_io_win.cc(179)] CreateFile C:\Program Files (x86)\temp\settings.dat: Access is denied. (0x5)
[0305/025354.089:ERROR:file_io_win.cc(179)] CreateFile C:\Program Files (x86)\temp\settings.dat: Access is denied. (0x5)
[0305/025354.100:ERROR:registration_protocol_win.cc(84)] TransactNamedPipe: The pipe has been ended. (0x6D)
[0305/025354.107:ERROR:file_io_win.cc(179)] CreateFile C:\Program Files (x86)\temp\settings.dat: Access is denied. (0x5)
[0305/025628.064:ERROR:file_io_win.cc(179)] CreateFile C:\Program Files (x86)\temp\settings.dat: Access is denied. (0x5)
[0305/025628.078:ERROR:registration_protocol_win.cc(84)] TransactNamedPipe: The pipe has been ended. (0x6D)
[0305/025628.086:ERROR:file_io_win.cc(179)] CreateFile C:\Program Files (x86)\temp\settings.dat: Access is denied. (0x5)
[0306/012132.309:ERROR:file_io_win.cc(179)] CreateFile C:\Program Files (x86)\temp\settings.dat: Access is denied. (0x5)
[0306/012132.321:ERROR:registration_protocol_win.cc(84)] TransactNamedPipe: The pipe has been ended. (0x6D)
[0306/012132.328:ERROR:file_io_win.cc(179)] CreateFile C:\Program Files (x86)\temp\settings.dat: Access is denied. (0x5)
[0306/012437.697:ERROR:file_io_win.cc(179)] CreateFile C:\Program Files (x86)\temp\settings.dat: Access is denied. (0x5)
[0306/012437.708:ERROR:registration_protocol_win.cc(84)] TransactNamedPipe: The pipe has been ended. (0x6D)
[0306/012437.717:ERROR:file_io_win.cc(179)] CreateFile C:\Program Files (x86)\temp\settings.dat: Access is denied. (0x5)
[0306/012520.052:ERROR:file_io_win.cc(179)] CreateFile C:\Program Files (x86)\temp\settings.dat: Access is denied. (0x5)
[0306/012520.064:ERROR:registration_protocol_win.cc(84)] TransactNamedPipe: The pipe has been ended. (0x6D)
[0306/012520.072:ERROR:file_io_win.cc(179)] CreateFile C:\Program Files (x86)\temp\settings.dat: Access is denied. (0x5)
[0306/013228.840:ERROR:file_io_win.cc(179)] CreateFile C:\Program Files (x86)\temp\settings.dat: Access is denied. (0x5)
[0306/013228.851:ERROR:registration_protocol_win.cc(84)] TransactNamedPipe: The pipe has been ended. (0x6D)
[0306/013228.859:ERROR:file_io_win.cc(179)] CreateFile C:\Program Files (x86)\temp\settings.dat: Access is denied. (0x5)
[0306/014051.437:ERROR:file_io_win.cc(179)] CreateFile C:\Program Files (x86)\temp\settings.dat: Access is denied. (0x5)
[0306/014051.448:ERROR:registration_protocol_win.cc(84)] TransactNamedPipe: The pipe has been ended. (0x6D)
[0306/014051.457:ERROR:file_io_win.cc(179)] CreateFile C:\Program Files (x86)\temp\settings.dat: Access is denied. (0x5)
[0306/020739.978:ERROR:file_io_win.cc(179)] CreateFile C:\Program Files (x86)\temp\settings.dat: Access is denied. (0x5)
[0306/020739.988:ERROR:registration_protocol_win.cc(84)] TransactNamedPipe: The pipe has been ended. (0x6D)
[0306/020739.995:ERROR:file_io_win.cc(179)] CreateFile C:\Program Files (x86)\temp\settings.dat: Access is denied. (0x5)
[0306/021042.801:ERROR:file_io_win.cc(179)] CreateFile C:\Program Files (x86)\temp\settings.dat: Access is denied. (0x5)
[0306/021042.813:ERROR:registration_protocol_win.cc(84)] TransactNamedPipe: The pipe has been ended. (0x6D)
[0306/021042.822:ERROR:file_io_win.cc(179)] CreateFile C:\Program Files (x86)\temp\settings.dat: Access is denied. (0x5)
[0306/021433.476:ERROR:file_io_win.cc(179)] CreateFile C:\Program Files (x86)\temp\settings.dat: Access is denied. (0x5)
[0306/021433.487:ERROR:registration_protocol_win.cc(84)] TransactNamedPipe: The pipe has been ended. (0x6D)
[0306/021433.496:ERROR:file_io_win.cc(179)] CreateFile C:\Program Files (x86)\temp\settings.dat: Access is denied. (0x5)
[0306/021639.062:ERROR:file_io_win.cc(179)] CreateFile C:\Program Files (x86)\temp\settings.dat: Access is denied. (0x5)
[0306/021639.075:ERROR:registration_protocol_win.cc(84)] TransactNamedPipe: The pipe has been ended. (0x6D)
[0306/021639.083:ERROR:file_io_win.cc(179)] CreateFile C:\Program Files (x86)\temp\settings.dat: Access is denied. (0x5)
[0306/022028.680:ERROR:file_io_win.cc(179)] CreateFile C:\Program Files (x86)\temp\settings.dat: Access is denied. (0x5)
[0306/022028.690:ERROR:registration_protocol_win.cc(84)] TransactNamedPipe: The pipe has been ended. (0x6D)
[0306/022028.695:ERROR:file_io_win.cc(179)] CreateFile C:\Program Files (x86)\temp\settings.dat: Access is denied. (0x5)
[0306/022140.079:ERROR:file_io_win.cc(179)] CreateFile C:\Program Files (x86)\temp\settings.dat: Access is denied. (0x5)
[0306/022140.091:ERROR:registration_protocol_win.cc(84)] TransactNamedPipe: The pipe has been ended. (0x6D)
[0306/022140.099:ERROR:file_io_win.cc(179)] CreateFile C:\Program Files (x86)\temp\settings.dat: Access is denied. (0x5)
[0306/022348.192:ERROR:file_io_win.cc(179)] CreateFile C:\Program Files (x86)\temp\settings.dat: Access is denied. (0x5)
[0306/022348.204:ERROR:registration_protocol_win.cc(84)] TransactNamedPipe: The pipe has been ended. (0x6D)
[0306/022348.212:ERROR:file_io_win.cc(179)] CreateFile C:\Program Files (x86)\temp\settings.dat: Access is denied. (0x5)
[0306/022739.899:ERROR:file_io_win.cc(179)] CreateFile C:\Program Files (x86)\temp\settings.dat: Access is denied. (0x5)
[0306/022739.910:ERROR:registration_protocol_win.cc(84)] TransactNamedPipe: The pipe has been ended. (0x6D)
[0306/022739.918:ERROR:file_io_win.cc(179)] CreateFile C:\Program Files (x86)\temp\settings.dat: Access is denied. (0x5)
[0306/022836.388:ERROR:file_io_win.cc(179)] CreateFile C:\Program Files (x86)\temp\settings.dat: Access is denied. (0x5)
[0306/022836.399:ERROR:registration_protocol_win.cc(84)] TransactNamedPipe: The pipe has been ended. (0x6D)
[0306/022836.406:ERROR:file_io_win.cc(179)] CreateFile C:\Program Files (x86)\temp\settings.dat: Access is denied. (0x5)
[0306/025653.032:ERROR:file_io_win.cc(179)] CreateFile C:\Program Files (x86)\temp\settings.dat: Access is denied. (0x5)
[0306/025653.044:ERROR:registration_protocol_win.cc(84)] TransactNamedPipe: The pipe has been ended. (0x6D)
[0306/025653.053:ERROR:file_io_win.cc(179)] CreateFile C:\Program Files (x86)\temp\settings.dat: Access is denied. (0x5)
[0306/030245.887:ERROR:file_io_win.cc(179)] CreateFile C:\Program Files (x86)\temp\settings.dat: Access is denied. (0x5)
[0306/030245.897:ERROR:registration_protocol_win.cc(84)] TransactNamedPipe: The pipe has been ended. (0x6D)
[0306/030245.904:ERROR:file_io_win.cc(179)] CreateFile C:\Program Files (x86)\temp\settings.dat: Access is denied. (0x5)
[0306/030307.949:ERROR:file_io_win.cc(179)] CreateFile C:\Program Files (x86)\temp\settings.dat: Access is denied. (0x5)
[0306/030307.962:ERROR:registration_protocol_win.cc(84)] TransactNamedPipe: The pipe has been ended. (0x6D)
[0306/030307.972:ERROR:file_io_win.cc(179)] CreateFile C:\Program Files (x86)\temp\settings.dat: Access is denied. (0x5)
[0306/030441.556:ERROR:file_io_win.cc(179)] CreateFile C:\Program Files (x86)\temp\settings.dat: Access is denied. (0x5)
[0306/030441.568:ERROR:registration_protocol_win.cc(84)] TransactNamedPipe: The pipe has been ended. (0x6D)
[0306/030441.577:ERROR:file_io_win.cc(179)] CreateFile C:\Program Files (x86)\temp\settings.dat: Access is denied. (0x5)
[0306/031503.101:ERROR:file_io_win.cc(179)] CreateFile C:\Program Files (x86)\temp\settings.dat: Access is denied. (0x5)
[0306/031503.110:ERROR:registration_protocol_win.cc(84)] TransactNamedPipe: The pipe has been ended. (0x6D)
[0306/031503.117:ERROR:file_io_win.cc(179)] CreateFile C:\Program Files (x86)\temp\settings.dat: Access is denied. (0x5)
[0306/031728.642:ERROR:file_io_win.cc(179)] CreateFile C:\Program Files (x86)\temp\settings.dat: Access is denied. (0x5)
[0306/031728.659:ERROR:registration_protocol_win.cc(84)] TransactNamedPipe: The pipe has been ended. (0x6D)
[0306/031728.667:ERROR:file_io_win.cc(179)] CreateFile C:\Program Files (x86)\temp\settings.dat: Access is denied. (0x5)
[0306/031929.942:ERROR:file_io_win.cc(179)] CreateFile C:\Program Files (x86)\temp\settings.dat: Access is denied. (0x5)
[0306/031930.012:ERROR:registration_protocol_win.cc(84)] TransactNamedPipe: The pipe has been ended. (0x6D)
[0306/031930.021:ERROR:file_io_win.cc(179)] CreateFile C:\Program Files (x86)\temp\settings.dat: Access is denied. (0x5)
[1116/094642.680:ERROR:file_io_win.cc(179)] CreateFile C:\Program Files (x86)\temp\settings.dat: Access is denied. (0x5)
[1116/094642.687:ERROR:registration_protocol_win.cc(84)] TransactNamedPipe: The pipe has been ended. (0x6D)
[1116/094642.689:ERROR:file_io_win.cc(179)] CreateFile C:\Program Files (x86)\temp\settings.dat: Access is denied. (0x5)
[1116/154655.226:ERROR:file_io_win.cc(179)] CreateFile C:\Program Files (x86)\temp\settings.dat: Access is denied. (0x5)
[1116/154655.247:ERROR:registration_protocol_win.cc(84)] TransactNamedPipe: The pipe has been ended. (0x6D)
[1116/154655.250:ERROR:file_io_win.cc(179)] CreateFile C:\Program Files (x86)\temp\settings.dat: Access is denied. (0x5)
[1116/154909.453:ERROR:file_io_win.cc(179)] CreateFile C:\Program Files (x86)\temp\settings.dat: Access is denied. (0x5)
[1116/154909.465:ERROR:registration_protocol_win.cc(84)] TransactNamedPipe: The pipe has been ended. (0x6D)
[1116/154909.468:ERROR:file_io_win.cc(179)] CreateFile C:\Program Files (x86)\temp\settings.dat: Access is denied. (0x5)
[1116/155033.428:ERROR:file_io_win.cc(179)] CreateFile C:\Program Files (x86)\temp\settings.dat: Access is denied. (0x5)
[1116/155033.438:ERROR:registration_protocol_win.cc(84)] TransactNamedPipe: The pipe has been ended. (0x6D)
[1116/155033.440:ERROR:file_io_win.cc(179)] CreateFile C:\Program Files (x86)\temp\settings.dat: Access is denied. (0x5)
[1116/155210.219:ERROR:file_io_win.cc(179)] CreateFile C:\Program Files (x86)\temp\settings.dat: Access is denied. (0x5)
[1116/155210.228:ERROR:registration_protocol_win.cc(84)] TransactNamedPipe: The pipe has been ended. (0x6D)
[1116/155210.231:ERROR:file_io_win.cc(179)] CreateFile C:\Program Files (x86)\temp\settings.dat: Access is denied. (0x5)
[1116/155404.953:ERROR:file_io_win.cc(179)] CreateFile C:\Program Files (x86)\temp\settings.dat: Access is denied. (0x5)
[1116/155404.963:ERROR:registration_protocol_win.cc(84)] TransactNamedPipe: The pipe has been ended. (0x6D)
[1116/155404.966:ERROR:file_io_win.cc(179)] CreateFile C:\Program Files (x86)\temp\settings.dat: Access is denied. (0x5)
[1116/155936.916:ERROR:file_io_win.cc(179)] CreateFile C:\Program Files (x86)\temp\settings.dat: Access is denied. (0x5)
[1116/155936.926:ERROR:registration_protocol_win.cc(84)] TransactNamedPipe: The pipe has been ended. (0x6D)
[1116/155936.929:ERROR:file_io_win.cc(179)] CreateFile C:\Program Files (x86)\temp\settings.dat: Access is denied. (0x5)
[1116/160211.120:ERROR:file_io_win.cc(179)] CreateFile C:\Program Files (x86)\temp\settings.dat: Access is denied. (0x5)
[1116/160211.129:ERROR:registration_protocol_win.cc(84)] TransactNamedPipe: The pipe has been ended. (0x6D)
[1116/160211.132:ERROR:file_io_win.cc(179)] CreateFile C:\Program Files (x86)\temp\settings.dat: Access is denied. (0x5)
[1116/160357.954:ERROR:file_io_win.cc(179)] CreateFile C:\Program Files (x86)\temp\settings.dat: Access is denied. (0x5)
[1116/160357.963:ERROR:registration_protocol_win.cc(84)] TransactNamedPipe: The pipe has been ended. (0x6D)
[1116/160357.965:ERROR:file_io_win.cc(179)] CreateFile C:\Program Files (x86)\temp\settings.dat: Access is denied. (0x5)
[1116/160722.229:ERROR:file_io_win.cc(179)] CreateFile C:\Program Files (x86)\temp\settings.dat: Access is denied. (0x5)
[1116/160722.239:ERROR:registration_protocol_win.cc(84)] TransactNamedPipe: The pipe has been ended. (0x6D)
[1116/160722.242:ERROR:file_io_win.cc(179)] CreateFile C:\Program Files (x86)\temp\settings.dat: Access is denied. (0x5)
[1116/160757.117:ERROR:file_io_win.cc(179)] CreateFile C:\Program Files (x86)\temp\settings.dat: Access is denied. (0x5)
[1116/160757.125:ERROR:registration_protocol_win.cc(84)] TransactNamedPipe: The pipe has been ended. (0x6D)
[1116/160757.128:ERROR:file_io_win.cc(179)] CreateFile C:\Program Files (x86)\temp\settings.dat: Access is denied. (0x5)
[1116/161050.595:ERROR:file_io_win.cc(179)] CreateFile C:\Program Files (x86)\temp\settings.dat: Access is denied. (0x5)
[1116/161050.603:ERROR:registration_protocol_win.cc(84)] TransactNamedPipe: The pipe has been ended. (0x6D)
[1116/161050.606:ERROR:file_io_win.cc(179)] CreateFile C:\Program Files (x86)\temp\settings.dat: Access is denied. (0x5)
[1116/161246.006:ERROR:file_io_win.cc(179)] CreateFile C:\Program Files (x86)\temp\settings.dat: Access is denied. (0x5)
[1116/161246.014:ERROR:registration_protocol_win.cc(84)] TransactNamedPipe: The pipe has been ended. (0x6D)
[1116/161246.017:ERROR:file_io_win.cc(179)] CreateFile C:\Program Files (x86)\temp\settings.dat: Access is denied. (0x5)
[1116/163735.076:ERROR:file_io_win.cc(179)] CreateFile C:\Program Files (x86)\temp\settings.dat: Access is denied. (0x5)
[1116/163735.085:ERROR:registration_protocol_win.cc(84)] TransactNamedPipe: The pipe has been ended. (0x6D)
[1116/163735.088:ERROR:file_io_win.cc(179)] CreateFile C:\Program Files (x86)\temp\settings.dat: Access is denied. (0x5)
[1116/164437.075:ERROR:file_io_win.cc(179)] CreateFile C:\Program Files (x86)\temp\settings.dat: Access is denied. (0x5)
[1116/164437.084:ERROR:registration_protocol_win.cc(84)] TransactNamedPipe: The pipe has been ended. (0x6D)
[1116/164437.087:ERROR:file_io_win.cc(179)] CreateFile C:\Program Files (x86)\temp\settings.dat: Access is denied. (0x5)
[1116/164658.611:ERROR:file_io_win.cc(179)] CreateFile C:\Program Files (x86)\temp\settings.dat: Access is denied. (0x5)
[1116/164658.617:ERROR:registration_protocol_win.cc(84)] TransactNamedPipe: The pipe has been ended. (0x6D)
[1116/164658.620:ERROR:file_io_win.cc(179)] CreateFile C:\Program Files (x86)\temp\settings.dat: Access is denied. (0x5)
[1116/164756.473:ERROR:file_io_win.cc(179)] CreateFile C:\Program Files (x86)\temp\settings.dat: Access is denied. (0x5)
[1116/164756.481:ERROR:registration_protocol_win.cc(84)] TransactNamedPipe: The pipe has been ended. (0x6D)
[1116/164756.484:ERROR:file_io_win.cc(179)] CreateFile C:\Program Files (x86)\temp\settings.dat: Access is denied. (0x5)
[1116/171831.970:ERROR:file_io_win.cc(179)] CreateFile C:\Program Files (x86)\temp\settings.dat: Access is denied. (0x5)
[1116/171831.980:ERROR:registration_protocol_win.cc(84)] TransactNamedPipe: The pipe has been ended. (0x6D)
[1116/171831.983:ERROR:file_io_win.cc(179)] CreateFile C:\Program Files (x86)\temp\settings.dat: Access is denied. (0x5)
[1116/171901.845:ERROR:file_io_win.cc(179)] CreateFile C:\Program Files (x86)\temp\settings.dat: Access is denied. (0x5)
[1116/171901.853:ERROR:registration_protocol_win.cc(84)] TransactNamedPipe: The pipe has been ended. (0x6D)
[1116/171901.855:ERROR:file_io_win.cc(179)] CreateFile C:\Program Files (x86)\temp\settings.dat: Access is denied. (0x5)
[1116/172031.971:ERROR:file_io_win.cc(179)] CreateFile C:\Program Files (x86)\temp\settings.dat: Access is denied. (0x5)
[1116/172031.978:ERROR:registration_protocol_win.cc(84)] TransactNamedPipe: The pipe has been ended. (0x6D)
[1116/172031.981:ERROR:file_io_win.cc(179)] CreateFile C:\Program Files (x86)\temp\settings.dat: Access is denied. (0x5)
[1116/172101.252:ERROR:file_io_win.cc(179)] CreateFile C:\Program Files (x86)\temp\settings.dat: Access is denied. (0x5)
[1116/172101.259:ERROR:registration_protocol_win.cc(84)] TransactNamedPipe: The pipe has been ended. (0x6D)
[1116/172101.262:ERROR:file_io_win.cc(179)] CreateFile C:\Program Files (x86)\temp\settings.dat: Access is denied. (0x5)
[1116/172330.163:ERROR:file_io_win.cc(179)] CreateFile C:\Program Files (x86)\temp\settings.dat: Access is denied. (0x5)
[1116/172330.172:ERROR:registration_protocol_win.cc(84)] TransactNamedPipe: The pipe has been ended. (0x6D)
[1116/172330.175:ERROR:file_io_win.cc(179)] CreateFile C:\Program Files (x86)\temp\settings.dat: Access is denied. (0x5)
[1116/172413.438:ERROR:file_io_win.cc(179)] CreateFile C:\Program Files (x86)\temp\settings.dat: Access is denied. (0x5)
[1116/172413.446:ERROR:registration_protocol_win.cc(84)] TransactNamedPipe: The pipe has been ended. (0x6D)
[1116/172413.448:ERROR:file_io_win.cc(179)] CreateFile C:\Program Files (x86)\temp\settings.dat: Access is denied. (0x5)
[1116/172504.618:ERROR:file_io_win.cc(179)] CreateFile C:\Program Files (x86)\temp\settings.dat: Access is denied. (0x5)
[1116/172504.629:ERROR:registration_protocol_win.cc(84)] TransactNamedPipe: The pipe has been ended. (0x6D)
[1116/172504.631:ERROR:file_io_win.cc(179)] CreateFile C:\Program Files (x86)\temp\settings.dat: Access is denied. (0x5)
[1116/172555.347:ERROR:file_io_win.cc(179)] CreateFile C:\Program Files (x86)\temp\settings.dat: Access is denied. (0x5)
[1116/172555.354:ERROR:registration_protocol_win.cc(84)] TransactNamedPipe: The pipe has been ended. (0x6D)
[1116/172555.356:ERROR:file_io_win.cc(179)] CreateFile C:\Program Files (x86)\temp\settings.dat: Access is denied. (0x5)
[1116/172642.964:ERROR:file_io_win.cc(179)] CreateFile C:\Program Files (x86)\temp\settings.dat: Access is denied. (0x5)
[1116/172642.973:ERROR:registration_protocol_win.cc(84)] TransactNamedPipe: The pipe has been ended. (0x6D)
[1116/172642.975:ERROR:file_io_win.cc(179)] CreateFile C:\Program Files (x86)\temp\settings.dat: Access is denied. (0x5)
[1116/172719.509:ERROR:file_io_win.cc(179)] CreateFile C:\Program Files (x86)\temp\settings.dat: Access is denied. (0x5)
[1116/172719.518:ERROR:registration_protocol_win.cc(84)] TransactNamedPipe: The pipe has been ended. (0x6D)
[1116/172719.521:ERROR:file_io_win.cc(179)] CreateFile C:\Program Files (x86)\temp\settings.dat: Access is denied. (0x5)
[1116/193523.454:ERROR:file_io_win.cc(179)] CreateFile C:\Program Files (x86)\temp\settings.dat: Access is denied. (0x5)
[1116/193523.463:ERROR:registration_protocol_win.cc(84)] TransactNamedPipe: The pipe has been ended. (0x6D)
[1116/193523.466:ERROR:file_io_win.cc(179)] CreateFile C:\Program Files (x86)\temp\settings.dat: Access is denied. (0x5)
[1116/194154.419:ERROR:file_io_win.cc(179)] CreateFile C:\Program Files (x86)\temp\settings.dat: Access is denied. (0x5)
[1116/194154.428:ERROR:registration_protocol_win.cc(84)] TransactNamedPipe: The pipe has been ended. (0x6D)
[1116/194154.431:ERROR:file_io_win.cc(179)] CreateFile C:\Program Files (x86)\temp\settings.dat: Access is denied. (0x5)
[1116/194227.376:ERROR:file_io_win.cc(179)] CreateFile C:\Program Files (x86)\temp\settings.dat: Access is denied. (0x5)
[1116/194227.385:ERROR:registration_protocol_win.cc(84)] TransactNamedPipe: The pipe has been ended. (0x6D)
[1116/194227.388:ERROR:file_io_win.cc(179)] CreateFile C:\Program Files (x86)\temp\settings.dat: Access is denied. (0x5)
[1116/194743.647:ERROR:file_io_win.cc(179)] CreateFile C:\Program Files (x86)\temp\settings.dat: Access is denied. (0x5)
[1116/194743.656:ERROR:registration_protocol_win.cc(84)] TransactNamedPipe: The pipe has been ended. (0x6D)
[1116/194743.659:ERROR:file_io_win.cc(179)] CreateFile C:\Program Files (x86)\temp\settings.dat: Access is denied. (0x5)
